
Showing logs for build [32mcb-kubecd-environment-pr-102-94-ftvxf-1[0m stage [32mfrom-build-pack[0m and container [32mstep-credential-initializer-gvrnl[0m
{"level":"warn","ts":1576839847.1902182,"logger":"fallback-logger","caller":"logging/config.go:69","msg":"Fetch GitHub commit ID from kodata failed: \"ref: refs/heads/master\" is not a valid GitHub commit ID"}
{"level":"info","ts":1576839847.1907933,"logger":"fallback-logger","caller":"creds-init/main.go:40","msg":"Credentials initialized."}

Showing logs for build [32mcb-kubecd-environment-pr-102-94-ftvxf-1[0m stage [32mfrom-build-pack[0m and container [32mstep-working-dir-initializer-4tl6c[0m
{"level":"warn","ts":1576839848.2107027,"logger":"fallback-logger","caller":"logging/config.go:69","msg":"Fetch GitHub commit ID from kodata failed: open /var/run/ko/HEAD: no such file or directory"}
{"level":"info","ts":1576839848.2122374,"logger":"fallback-logger","caller":"bash/main.go:65","msg":"Successfully executed command \"mkdir -p /workspace/source\""}

Showing logs for build [32mcb-kubecd-environment-pr-102-94-ftvxf-1[0m stage [32mfrom-build-pack[0m and container [32mstep-place-tools[0m

Showing logs for build [32mcb-kubecd-environment-pr-102-94-ftvxf-1[0m stage [32mfrom-build-pack[0m and container [32mstep-git-source-cb-kubecd-environment-pr-102-94-dfr4b[0m
{"level":"warn","ts":1576839854.4110782,"logger":"fallback-logger","caller":"logging/config.go:69","msg":"Fetch GitHub commit ID from kodata failed: \"ref: refs/heads/master\" is not a valid GitHub commit ID"}
{"level":"info","ts":1576839855.5838509,"logger":"fallback-logger","caller":"git/git.go:102","msg":"Successfully cloned https://github.com/cb-kubecd/environment-pr-102-94-boot-gke-staging.git @ master in path /workspace/source"}

Showing logs for build [32mcb-kubecd-environment-pr-102-94-ftvxf-1[0m stage [32mfrom-build-pack[0m and container [32mstep-git-merge[0m
Using SHAs from PULL_REFS=master:afde226f9c4f6012fa6c5ace5a276727723963ad,7:a36e57ae8f53bfabeabb9138bceb83696db4aea3
DEBUG: ran git fetch --unshallow origin a36e57ae8f53bfabeabb9138bceb83696db4aea3: afde226f9c4f6012fa6c5ace5a276727723963ad: in 
DEBUG: ran git checkout master in 
DEBUG: ran git reset --hard afde226f9c4f6012fa6c5ace5a276727723963ad in 
DEBUG: ran clean --force -d . in 
DEBUG: ran git merge a36e57ae8f53bfabeabb9138bceb83696db4aea3 in 
Merged SHA a36e57ae8f53bfabeabb9138bceb83696db4aea3 with commit message 'chore: Promote bdd-sbrp-import-1576838486 to version 0.0.1' into base branch master

Showing logs for build [32mcb-kubecd-environment-pr-102-94-ftvxf-1[0m stage [32mfrom-build-pack[0m and container [32mstep-build-helm-build[0m
WARNING: No $CHART_REPOSITORY defined so using the default value of: http://jenkins-x-chartmuseum:8080
Adding missing Helm repo: storage.googleapis.com https://storage.googleapis.com/chartmuseum.jenkins-x.io
Read credentials for https://storage.googleapis.com/chartmuseum.jenkins-x.io from vault helm/repos
Successfully added Helm repository storage.googleapis.com.
Adding missing Helm repo: jenkins-x-chartmuseum http://jenkins-x-chartmuseum:8080
Read credentials for http://jenkins-x-chartmuseum:8080 from vault helm/repos
Successfully added Helm repository jenkins-x-chartmuseum.
WARNING: No $CHART_REPOSITORY defined so using the default value of: http://jenkins-x-chartmuseum:8080
Adding missing Helm repo: chartmuseum.jenkins-x.io http://chartmuseum.jenkins-x.io
Read credentials for http://chartmuseum.jenkins-x.io from vault helm/repos
Successfully added Helm repository chartmuseum.jenkins-x.io.
