
Showing logs for build [32mcb-kubecd-environment-pr-102-94-rhsrs-1[0m stage [32mfrom-build-pack[0m and container [32mstep-credential-initializer-ng74v[0m
{"level":"warn","ts":1576839262.17492,"logger":"fallback-logger","caller":"logging/config.go:69","msg":"Fetch GitHub commit ID from kodata failed: \"ref: refs/heads/master\" is not a valid GitHub commit ID"}
{"level":"info","ts":1576839262.1760664,"logger":"fallback-logger","caller":"creds-init/main.go:40","msg":"Credentials initialized."}

Showing logs for build [32mcb-kubecd-environment-pr-102-94-rhsrs-1[0m stage [32mfrom-build-pack[0m and container [32mstep-working-dir-initializer-ldbsc[0m
{"level":"warn","ts":1576839263.5114639,"logger":"fallback-logger","caller":"logging/config.go:69","msg":"Fetch GitHub commit ID from kodata failed: open /var/run/ko/HEAD: no such file or directory"}
{"level":"info","ts":1576839263.5130296,"logger":"fallback-logger","caller":"bash/main.go:65","msg":"Successfully executed command \"mkdir -p /workspace/source\""}

Showing logs for build [32mcb-kubecd-environment-pr-102-94-rhsrs-1[0m stage [32mfrom-build-pack[0m and container [32mstep-place-tools[0m

Showing logs for build [32mcb-kubecd-environment-pr-102-94-rhsrs-1[0m stage [32mfrom-build-pack[0m and container [32mstep-git-source-cb-kubecd-environment-pr-102-94-j8z9g[0m
{"level":"warn","ts":1576839268.8303945,"logger":"fallback-logger","caller":"logging/config.go:69","msg":"Fetch GitHub commit ID from kodata failed: \"ref: refs/heads/master\" is not a valid GitHub commit ID"}
{"level":"info","ts":1576839270.011108,"logger":"fallback-logger","caller":"git/git.go:102","msg":"Successfully cloned https://github.com/cb-kubecd/environment-pr-102-94-boot-gke-staging.git @ master in path /workspace/source"}

Showing logs for build [32mcb-kubecd-environment-pr-102-94-rhsrs-1[0m stage [32mfrom-build-pack[0m and container [32mstep-git-merge[0m
Using SHAs from PULL_REFS=master:6715d670d4f9155cd084b764a6b149e010f46e69,6:7a828476784ba9d30a77f228164d845823b0956d
DEBUG: ran git fetch --unshallow origin 7a828476784ba9d30a77f228164d845823b0956d: 6715d670d4f9155cd084b764a6b149e010f46e69: in 
DEBUG: ran git checkout master in 
DEBUG: ran git reset --hard 6715d670d4f9155cd084b764a6b149e010f46e69 in 
DEBUG: ran clean --force -d . in 
DEBUG: ran git merge 7a828476784ba9d30a77f228164d845823b0956d in 
Merged SHA 7a828476784ba9d30a77f228164d845823b0956d with commit message 'chore: Promote bdd-ghf**y-import-1576838486 to version 0.0.1' into base branch master

Showing logs for build [32mcb-kubecd-environment-pr-102-94-rhsrs-1[0m stage [32mfrom-build-pack[0m and container [32mstep-build-helm-build[0m
WARNING: No $CHART_REPOSITORY defined so using the default value of: http://jenkins-x-chartmuseum:8080
Adding missing Helm repo: storage.googleapis.com https://storage.googleapis.com/chartmuseum.jenkins-x.io
Read credentials for https://storage.googleapis.com/chartmuseum.jenkins-x.io from vault helm/repos
Successfully added Helm repository storage.googleapis.com.
Adding missing Helm repo: jenkins-x-chartmuseum http://jenkins-x-chartmuseum:8080
Read credentials for http://jenkins-x-chartmuseum:8080 from vault helm/repos
Successfully added Helm repository jenkins-x-chartmuseum.
WARNING: No $CHART_REPOSITORY defined so using the default value of: http://jenkins-x-chartmuseum:8080
Adding missing Helm repo: chartmuseum.jenkins-x.io http://chartmuseum.jenkins-x.io
Read credentials for http://chartmuseum.jenkins-x.io from vault helm/repos
Successfully added Helm repository chartmuseum.jenkins-x.io.
