
Showing logs for build [32mcb-kubecd-environment-pr-102-94-qjdhw-1[0m stage [32mfrom-build-pack[0m and container [32mstep-credential-initializer-94wxq[0m
{"level":"warn","ts":1576835473.2948642,"logger":"fallback-logger","caller":"logging/config.go:69","msg":"Fetch GitHub commit ID from kodata failed: \"ref: refs/heads/master\" is not a valid GitHub commit ID"}
{"level":"info","ts":1576835473.2959726,"logger":"fallback-logger","caller":"creds-init/main.go:40","msg":"Credentials initialized."}

Showing logs for build [32mcb-kubecd-environment-pr-102-94-qjdhw-1[0m stage [32mfrom-build-pack[0m and container [32mstep-working-dir-initializer-8vwhq[0m
{"level":"warn","ts":1576835473.9311945,"logger":"fallback-logger","caller":"logging/config.go:69","msg":"Fetch GitHub commit ID from kodata failed: open /var/run/ko/HEAD: no such file or directory"}
{"level":"info","ts":1576835473.938452,"logger":"fallback-logger","caller":"bash/main.go:65","msg":"Successfully executed command \"mkdir -p /workspace/source\""}

Showing logs for build [32mcb-kubecd-environment-pr-102-94-qjdhw-1[0m stage [32mfrom-build-pack[0m and container [32mstep-place-tools[0m

Showing logs for build [32mcb-kubecd-environment-pr-102-94-qjdhw-1[0m stage [32mfrom-build-pack[0m and container [32mstep-git-source-cb-kubecd-environment-pr-102-94-kvrkz[0m
{"level":"warn","ts":1576835481.1564608,"logger":"fallback-logger","caller":"logging/config.go:69","msg":"Fetch GitHub commit ID from kodata failed: \"ref: refs/heads/master\" is not a valid GitHub commit ID"}
{"level":"info","ts":1576835482.4220626,"logger":"fallback-logger","caller":"git/git.go:102","msg":"Successfully cloned https://github.com/cb-kubecd/environment-pr-102-94-boot-gke-staging.git @ master in path /workspace/source"}

Showing logs for build [32mcb-kubecd-environment-pr-102-94-qjdhw-1[0m stage [32mfrom-build-pack[0m and container [32mstep-git-merge[0m
Using SHAs from PULL_REFS=master:aed5fb67c2c1b63afb6538d9ded918ecc4176434,1:bc1ca3586ed49f67562074f2e517b6f39cd5bff6
DEBUG: ran git fetch --unshallow origin bc1ca3586ed49f67562074f2e517b6f39cd5bff6: aed5fb67c2c1b63afb6538d9ded918ecc4176434: in 
DEBUG: ran git checkout master in 
DEBUG: ran git reset --hard aed5fb67c2c1b63afb6538d9ded918ecc4176434 in 
DEBUG: ran clean --force -d . in 
DEBUG: ran git merge bc1ca3586ed49f67562074f2e517b6f39cd5bff6 in 
Merged SHA bc1ca3586ed49f67562074f2e517b6f39cd5bff6 with commit message 'chore: Promote bdd-spring-1576835069 to version 0.0.1' into base branch master

Showing logs for build [32mcb-kubecd-environment-pr-102-94-qjdhw-1[0m stage [32mfrom-build-pack[0m and container [32mstep-build-helm-build[0m
WARNING: No $CHART_REPOSITORY defined so using the default value of: http://jenkins-x-chartmuseum:8080
Adding missing Helm repo: storage.googleapis.com https://storage.googleapis.com/chartmuseum.jenkins-x.io
Read credentials for https://storage.googleapis.com/chartmuseum.jenkins-x.io from vault helm/repos
Successfully added Helm repository storage.googleapis.com.
Adding missing Helm repo: jenkins-x-chartmuseum http://jenkins-x-chartmuseum:8080
Read credentials for http://jenkins-x-chartmuseum:8080 from vault helm/repos
Successfully added Helm repository jenkins-x-chartmuseum.
WARNING: No $CHART_REPOSITORY defined so using the default value of: http://jenkins-x-chartmuseum:8080
Adding missing Helm repo: chartmuseum.jenkins-x.io http://chartmuseum.jenkins-x.io
Read credentials for http://chartmuseum.jenkins-x.io from vault helm/repos
Successfully added Helm repository chartmuseum.jenkins-x.io.
