
Showing logs for build [32mcb-kubecd-environment-pr-102-94-kfnbj-2[0m stage [32mfrom-build-pack[0m and container [32mstep-credential-initializer-6tnsz[0m
{"level":"warn","ts":1576835581.9561782,"logger":"fallback-logger","caller":"logging/config.go:69","msg":"Fetch GitHub commit ID from kodata failed: \"ref: refs/heads/master\" is not a valid GitHub commit ID"}
{"level":"info","ts":1576835581.9608185,"logger":"fallback-logger","caller":"creds-init/main.go:40","msg":"Credentials initialized."}

Showing logs for build [32mcb-kubecd-environment-pr-102-94-kfnbj-2[0m stage [32mfrom-build-pack[0m and container [32mstep-working-dir-initializer-7hbg9[0m
{"level":"warn","ts":1576835583.443303,"logger":"fallback-logger","caller":"logging/config.go:69","msg":"Fetch GitHub commit ID from kodata failed: open /var/run/ko/HEAD: no such file or directory"}
{"level":"info","ts":1576835583.4484103,"logger":"fallback-logger","caller":"bash/main.go:65","msg":"Successfully executed command \"mkdir -p /workspace/source\""}

Showing logs for build [32mcb-kubecd-environment-pr-102-94-kfnbj-2[0m stage [32mfrom-build-pack[0m and container [32mstep-place-tools[0m

Showing logs for build [32mcb-kubecd-environment-pr-102-94-kfnbj-2[0m stage [32mfrom-build-pack[0m and container [32mstep-git-source-cb-kubecd-environment-pr-102-94-8kgm5[0m
{"level":"warn","ts":1576835588.5568743,"logger":"fallback-logger","caller":"logging/config.go:69","msg":"Fetch GitHub commit ID from kodata failed: \"ref: refs/heads/master\" is not a valid GitHub commit ID"}
{"level":"info","ts":1576835589.9350605,"logger":"fallback-logger","caller":"git/git.go:102","msg":"Successfully cloned https://github.com/cb-kubecd/environment-pr-102-94-boot-gke-staging.git @ master in path /workspace/source"}

Showing logs for build [32mcb-kubecd-environment-pr-102-94-kfnbj-2[0m stage [32mfrom-build-pack[0m and container [32mstep-git-merge[0m
Using SHAs from PULL_REFS=master:d9e90a7e1072a9760fdc696fe4c37fe7f4e9c379,1:bc1ca3586ed49f67562074f2e517b6f39cd5bff6
DEBUG: ran git fetch --unshallow origin bc1ca3586ed49f67562074f2e517b6f39cd5bff6: d9e90a7e1072a9760fdc696fe4c37fe7f4e9c379: in 
DEBUG: ran git checkout master in 
DEBUG: ran git reset --hard d9e90a7e1072a9760fdc696fe4c37fe7f4e9c379 in 
DEBUG: ran clean --force -d . in 
DEBUG: ran git merge bc1ca3586ed49f67562074f2e517b6f39cd5bff6 in 

Showing logs for build [32mcb-kubecd-environment-pr-102-94-kfnbj-2[0m stage [32mfrom-build-pack[0m and container [32mstep-build-helm-build[0m
WARNING: No $CHART_REPOSITORY defined so using the default value of: http://jenkins-x-chartmuseum:8080
Adding missing Helm repo: storage.googleapis.com https://storage.googleapis.com/chartmuseum.jenkins-x.io
Read credentials for https://storage.googleapis.com/chartmuseum.jenkins-x.io from vault helm/repos
Successfully added Helm repository storage.googleapis.com.
Adding missing Helm repo: jenkins-x-chartmuseum http://jenkins-x-chartmuseum:8080
Read credentials for http://jenkins-x-chartmuseum:8080 from vault helm/repos
Successfully added Helm repository jenkins-x-chartmuseum.
WARNING: No $CHART_REPOSITORY defined so using the default value of: http://jenkins-x-chartmuseum:8080
Adding missing Helm repo: chartmuseum.jenkins-x.io http://chartmuseum.jenkins-x.io
Read credentials for http://chartmuseum.jenkins-x.io from vault helm/repos
Successfully added Helm repository chartmuseum.jenkins-x.io.
